<?xml version="1.0" encoding="UTF-8"?>
<!-- Generated by org.testng.reporters.JUnitReportReporter -->
<testsuite skipped="0" hostname="Titan" name="Academy.Basics3" tests="1" failures="0" timestamp="2020-08-03T15:40:21 CDT" time="2.750" errors="0">
  <testcase name="verifyTitle" time="2.750" classname="Academy.Basics3"/>
</testsuite> <!-- Academy.Basics3 -->
