<?xml version="1.0" encoding="UTF-8"?>
<!-- Generated by org.testng.reporters.JUnitReportReporter -->
<testsuite skipped="0" hostname="Titan" name="Academy.Basics2" tests="1" failures="0" timestamp="2020-08-03T16:21:44 CDT" time="3.092" errors="0">
  <testcase name="verifyTitle" time="3.092" classname="Academy.Basics2"/>
</testsuite> <!-- Academy.Basics2 -->
