<?xml version="1.0" encoding="UTF-8"?>
<!-- Generated by org.testng.reporters.JUnitReportReporter -->
<testsuite skipped="0" hostname="Titan" name="Academy.SearchBroad" tests="1" failures="0" timestamp="2020-08-04T15:01:39 CDT" time="2.578" errors="0">
  <testcase name="verifyTitle" time="2.578" classname="Academy.SearchBroad"/>
</testsuite> <!-- Academy.SearchBroad -->
