<?xml version="1.0" encoding="UTF-8"?>
<!-- Generated by org.testng.reporters.JUnitReportReporter -->
<testsuite skipped="0" hostname="Titan" name="Academy.HomePageTest" tests="2" failures="0" timestamp="2020-08-03T19:25:07 CDT" time="20.191" errors="0">
  <testcase name="basePageNaivigation" time="9.667" classname="Academy.HomePageTest"/>
  <testcase name="basePageNaivigation" time="10.524" classname="Academy.HomePageTest"/>
</testsuite> <!-- Academy.HomePageTest -->
