<?xml version="1.0" encoding="UTF-8"?>
<!-- Generated by org.testng.reporters.JUnitReportReporter -->
<testsuite skipped="0" hostname="Titan" name="Academy.GiphySearch" tests="1" failures="0" timestamp="2021-08-23T22:10:47 CDT" time="3.344" errors="0">
  <testcase name="searchvalidentry" time="3.344" classname="Academy.GiphySearch"/>
</testsuite> <!-- Academy.GiphySearch -->
