<?xml version="1.0" encoding="UTF-8"?>
<!-- Generated by org.testng.reporters.JUnitReportReporter -->
<testsuite skipped="0" hostname="Titan" name="Academy.GiphyLogin" tests="1" failures="0" timestamp="2020-08-04T17:10:44 CDT" time="11.691" errors="0">
  <testcase name="login" time="11.691" classname="Academy.GiphyLogin"/>
</testsuite> <!-- Academy.GiphyLogin -->
