<?xml version="1.0" encoding="UTF-8"?>
<!-- Generated by org.testng.reporters.JUnitReportReporter -->
<testsuite skipped="0" hostname="Titan" name="Academy.HomePage" tests="2" failures="0" timestamp="10 Dec 2019 22:09:19 GMT" time="29.636" errors="0">
  <testcase name="basePageNaivigation" time="16.179" classname="Academy.HomePage"/>
  <testcase name="basePageNaivigation" time="13.457" classname="Academy.HomePage"/>
</testsuite> <!-- Academy.HomePage -->
