<?xml version="1.0" encoding="UTF-8"?>
<!-- Generated by org.testng.reporters.JUnitReportReporter -->
<testsuite skipped="0" hostname="Titan" name="Academy.API_SearchTrendNumbers" tests="1" failures="0" timestamp="2021-07-12T16:24:40 CDT" time="0.125" errors="0">
  <testcase name="API_Validate_TrendCount" time="0.125" classname="Academy.API_SearchTrendNumbers"/>
</testsuite> <!-- Academy.API_SearchTrendNumbers -->
