<?xml version="1.0" encoding="UTF-8"?>
<!-- Generated by org.testng.reporters.JUnitReportReporter -->
<testsuite skipped="0" hostname="Titan" name="Academy.Basics" tests="1" failures="0" timestamp="2020-10-26T16:49:37 CDT" time="2.604" errors="0">
  <testcase name="API_Validate_TrendCount" time="2.604" classname="Academy.Basics"/>
</testsuite> <!-- Academy.Basics -->
