<?xml version="1.0" encoding="UTF-8"?>
<!-- Generated by org.testng.reporters.JUnitReportReporter -->
<testsuite skipped="0" hostname="Titan" name="Academy.GiphySearchInvalid" tests="1" failures="0" timestamp="2020-10-21T17:03:20 CDT" time="12.006" errors="0">
  <testcase name="searchinvalidentry" time="12.006" classname="Academy.GiphySearchInvalid"/>
</testsuite> <!-- Academy.GiphySearchInvalid -->
