<?xml version="1.0" encoding="UTF-8"?>
<!-- Generated by org.testng.reporters.JUnitReportReporter -->
<testsuite skipped="0" hostname="Titan" name="Academy.GiphySearch2" tests="1" failures="0" timestamp="2021-07-22T13:48:26 CDT" time="5.262" errors="0">
  <testcase name="searchvalidentry" time="5.262" classname="Academy.GiphySearch2"/>
</testsuite> <!-- Academy.GiphySearch2 -->
