<?xml version="1.0" encoding="UTF-8"?>
<!-- Generated by org.testng.reporters.JUnitReportReporter -->
<testsuite skipped="0" hostname="Titan" name="Academy.Basics4" tests="1" failures="0" timestamp="2020-08-04T14:45:17 CDT" time="2.377" errors="0">
  <testcase name="verifyTitle" time="2.377" classname="Academy.Basics4"/>
</testsuite> <!-- Academy.Basics4 -->
