<?xml version="1.0" encoding="UTF-8"?>
<!-- Generated by org.testng.reporters.JUnitReportReporter -->
<testsuite skipped="0" hostname="Titan" name="Academy.Day1$day1" tests="2" failures="0" timestamp="2021-03-25T16:10:11 CDT" time="0.006" errors="0">
  <testcase name="Demo" time="0.005" classname="Academy.Day1$day1"/>
  <testcase name="Secondtest" time="0.001" classname="Academy.Day1$day1"/>
</testsuite> <!-- Academy.Day1$day1 -->
