<?xml version="1.0" encoding="UTF-8"?>
<!-- Generated by org.testng.reporters.JUnitReportReporter -->
<testsuite skipped="0" hostname="Titan" name="Academy.Basics5" tests="1" failures="0" timestamp="2020-08-04T12:42:16 CDT" time="2.107" errors="0">
  <testcase name="verifyTitle" time="2.107" classname="Academy.Basics5"/>
</testsuite> <!-- Academy.Basics5 -->
