<?xml version="1.0" encoding="UTF-8"?>
<!-- Generated by org.testng.reporters.JUnitReportReporter -->
<testsuite skipped="0" hostname="Titan" name="Academy.API_SearchTrendNumbers" tests="1" failures="0" timestamp="2020-08-05T15:27:16 CDT" time="0.148" errors="0">
  <testcase name="API_Validate_TrendCount" time="0.148" classname="Academy.API_SearchTrendNumbers"/>
</testsuite> <!-- Academy.API_SearchTrendNumbers -->
