<?xml version="1.0" encoding="UTF-8"?>
<!-- Generated by org.testng.reporters.JUnitReportReporter -->
<testsuite skipped="0" hostname="Titan" name="Academy.API_SearchTrendNumbers" tests="1" failures="0" timestamp="2021-09-27T14:28:54 CDT" time="0.118" errors="0">
  <testcase name="API_Validate_TrendCount" time="0.118" classname="Academy.API_SearchTrendNumbers"/>
</testsuite> <!-- Academy.API_SearchTrendNumbers -->
