<?xml version="1.0" encoding="UTF-8"?>
<!-- Generated by org.testng.reporters.JUnitReportReporter -->
<testsuite skipped="0" hostname="Titan" name="Academy.GiphySearchInvalid" tests="1" failures="0" timestamp="2020-08-05T15:27:16 CDT" time="10.788" errors="0">
  <testcase name="searchinvalidentry" time="10.788" classname="Academy.GiphySearchInvalid"/>
</testsuite> <!-- Academy.GiphySearchInvalid -->
