<?xml version="1.0" encoding="UTF-8"?>
<!-- Generated by org.testng.reporters.JUnitReportReporter -->
<testsuite skipped="0" hostname="Titan" name="Academy.GiphySearch" tests="1" failures="0" timestamp="2020-08-05T15:27:16 CDT" time="11.570" errors="0">
  <testcase name="searchvalidentry" time="11.570" classname="Academy.GiphySearch"/>
</testsuite> <!-- Academy.GiphySearch -->
