<?xml version="1.0" encoding="UTF-8"?>
<!-- Generated by org.testng.reporters.JUnitReportReporter -->
<testsuite skipped="0" hostname="Titan" name="Academy.VerifyTitle" tests="1" failures="0" timestamp="10 Dec 2019 22:09:19 GMT" time="9.733" errors="0">
  <testcase name="verifyTitle" time="9.733" classname="Academy.VerifyTitle"/>
</testsuite> <!-- Academy.VerifyTitle -->
