<?xml version="1.0" encoding="UTF-8"?>
<!-- Generated by org.testng.reporters.JUnitReportReporter -->
<testsuite skipped="0" hostname="Titan" name="Academy.VerifyTitleTest" tests="1" failures="0" timestamp="2020-08-03T15:04:23 CDT" time="7.745" errors="0">
  <testcase name="verifyTitle" time="7.745" classname="Academy.VerifyTitleTest"/>
</testsuite> <!-- Academy.VerifyTitleTest -->
