<?xml version="1.0" encoding="UTF-8"?>
<!-- Generated by org.testng.reporters.JUnitReportReporter -->
<testsuite skipped="0" hostname="Titan" name="Academy.SearchByID" tests="1" failures="0" timestamp="2020-08-04T15:02:00 CDT" time="2.244" errors="0">
  <testcase name="verifyTitle" time="2.244" classname="Academy.SearchByID"/>
</testsuite> <!-- Academy.SearchByID -->
