<?xml version="1.0" encoding="UTF-8"?>
<!-- Generated by org.testng.reporters.JUnitReportReporter -->
<testsuite skipped="0" hostname="Titan" name="Academy.Basics6" tests="1" failures="0" timestamp="2020-08-04T15:00:06 CDT" time="2.418" errors="0">
  <testcase name="verifyTitle" time="2.418" classname="Academy.Basics6"/>
</testsuite> <!-- Academy.Basics6 -->
